 
****************************************
Report : area
Design : elevator_controller
Version: O-2018.06-SP1
Date   : Thu Nov 14 18:49:34 2024
****************************************

Library(s) Used:

    IBM_CMOS8HP_SS125 (File: /apps/design_kits/ibm_kits/IBM_IP/ibm_cmos8hp/std_cell/sc/v.20110613/synopsys/ss_125/IBM_CMOS8HP_SS125.db)

Number of ports:                           55
Number of nets:                           121
Number of cells:                           74
Number of combinational cells:             59
Number of sequential cells:                 8
Number of macros/black boxes:               0
Number of buf/inv:                         45
Number of references:                      10

Combinational area:                662.400026
Buf/Inv area:                      528.000021
Noncombinational area:             389.760002
Macro/Black Box area:                0.000000
Net Interconnect area:      undefined  (Wire load has zero net area)

Total cell area:                  1052.160028
Total area:                 undefined

Information: This design contains black box (unknown) components. (RPT-8)

Hierarchical area distribution
------------------------------

                                  Global cell area          Local cell area
                                  ------------------  --------------------------- 
Hierarchical cell                 Absolute   Percent  Combi-    Noncombi-  Black-
                                  Total      Total    national  national   boxes   Design
--------------------------------  ---------  -------  --------  ---------  ------  -----------------
elevator_controller               1052.1600    100.0   30.7200     0.0000  0.0000  elevator_controller
u_elevator_button_1                145.9200     13.9   90.2400    55.6800  0.0000  elevator_button_6
u_elevator_button_2                145.9200     13.9   90.2400    55.6800  0.0000  elevator_button_5
u_elevator_button_3                145.9200     13.9   90.2400    55.6800  0.0000  elevator_button_4
u_floor_button_1_up                145.9200     13.9   90.2400    55.6800  0.0000  elevator_button_3
u_floor_button_2_down              145.9200     13.9   90.2400    55.6800  0.0000  elevator_button_2
u_floor_button_2_up                145.9200     13.9   90.2400    55.6800  0.0000  elevator_button_1
u_floor_button_3_down              145.9200     13.9   90.2400    55.6800  0.0000  elevator_button_0
--------------------------------  ---------  -------  --------  ---------  ------  -----------------
Total                                                 662.4000   389.7600  0.0000

1
